<?xml version="1.0" encoding="UTF-8"?>
<testng-results ignored="0" total="0" passed="0" failed="0" skipped="0">
  <reporter-output>
  </reporter-output>
  <suite started-at="2021-08-16T20:22:43 EDT" name="Surefire suite" finished-at="2021-08-16T20:22:58 EDT" duration-ms="15219">
    <groups>
    </groups>
    <test started-at="2021-08-16T20:22:43 EDT" name="Surefire test" finished-at="2021-08-16T20:22:58 EDT" duration-ms="15219">
    </test> <!-- Surefire test -->
  </suite> <!-- Surefire suite -->
</testng-results>
